app/build/intermediates/manifest_merge_blame_file/debug/manifest-merger-blame-debug-report.txt
1<?xml version="1.0" encoding="utf-8"?>
2<manifest xmlns:android="http://schemas.android.com/apk/res/android"
3    package="com.gabrielmarcos.channelguide.debug"
4    android:versionCode="1000000"
5    android:versionName="1.0.0-rc1-debug" >
6
7    <uses-sdk
8        android:minSdkVersion="22"
8-->src/main/AndroidManifest.xml
9        android:targetSdkVersion="30" />
9-->src/main/AndroidManifest.xml
10
11    <uses-permission android:name="android.permission.INTERNET" />
11-->src/main/AndroidManifest.xml:5:5-67
11-->src/main/AndroidManifest.xml:5:22-64
12
13    <application
13-->src/main/AndroidManifest.xml:7:5-24:19
14        android:name="com.gabrielmarcos.channelguide.AppApplication"
14-->src/main/AndroidManifest.xml:8:9-69
15        android:allowBackup="true"
15-->src/main/AndroidManifest.xml:9:9-35
16        android:appComponentFactory="androidx.core.app.CoreComponentFactory"
16-->[androidx.core:core:1.5.0] AndroidManifest.xml:24:18-86
17        android:debuggable="true"
18        android:icon="@mipmap/ic_launcher"
18-->src/main/AndroidManifest.xml:10:9-43
19        android:label="@string/app_name"
19-->src/main/AndroidManifest.xml:11:9-41
20        android:networkSecurityConfig="@xml/network_security_config"
20-->src/main/AndroidManifest.xml:12:9-69
21        android:roundIcon="@mipmap/ic_launcher_round"
21-->src/main/AndroidManifest.xml:13:9-54
22        android:supportsRtl="true"
22-->src/main/AndroidManifest.xml:14:9-35
23        android:testOnly="true"
24        android:theme="@style/Theme.ChannelGuide" >
24-->src/main/AndroidManifest.xml:15:9-50
25        <activity
25-->src/main/AndroidManifest.xml:16:9-23:20
26            android:name="com.gabrielmarcos.features.catalog.presentation.CatalogChannelActivity"
26-->src/main/AndroidManifest.xml:17:13-98
27            android:exported="true" >
27-->src/main/AndroidManifest.xml:18:13-36
28            <intent-filter>
28-->src/main/AndroidManifest.xml:19:13-22:29
29                <action android:name="android.intent.action.MAIN" />
29-->src/main/AndroidManifest.xml:20:17-69
29-->src/main/AndroidManifest.xml:20:25-66
30
31                <category android:name="android.intent.category.LAUNCHER" />
31-->src/main/AndroidManifest.xml:21:17-77
31-->src/main/AndroidManifest.xml:21:27-74
32            </intent-filter>
33        </activity>
34
35        <meta-data
35-->[com.github.bumptech.glide:okhttp3-integration:4.12.0] AndroidManifest.xml:11:9-13:43
36            android:name="com.bumptech.glide.integration.okhttp3.OkHttpGlideModule"
36-->[com.github.bumptech.glide:okhttp3-integration:4.12.0] AndroidManifest.xml:12:13-84
37            android:value="GlideModule" />
37-->[com.github.bumptech.glide:okhttp3-integration:4.12.0] AndroidManifest.xml:13:13-40
38
39        <provider
39-->[androidx.lifecycle:lifecycle-process:2.0.0] AndroidManifest.xml:23:9-27:43
40            android:name="androidx.lifecycle.ProcessLifecycleOwnerInitializer"
40-->[androidx.lifecycle:lifecycle-process:2.0.0] AndroidManifest.xml:24:13-79
41            android:authorities="com.gabrielmarcos.channelguide.debug.lifecycle-process"
41-->[androidx.lifecycle:lifecycle-process:2.0.0] AndroidManifest.xml:25:13-69
42            android:exported="false"
42-->[androidx.lifecycle:lifecycle-process:2.0.0] AndroidManifest.xml:26:13-37
43            android:multiprocess="true" />
43-->[androidx.lifecycle:lifecycle-process:2.0.0] AndroidManifest.xml:27:13-40
44    </application>
45
46</manifest>